<?xml version="1.0" encoding="UTF-8"?>
<!-- Generated by org.testng.reporters.JUnitReportReporter -->
<testsuite hostname="vishal" failures="0" tests="4" name="testNG.Test1" time="0.004" errors="0" timestamp="15 Mar 2024 05:19:16 GMT" skipped="0">
  <testcase classname="testNG.Test1" name="pyspiders" time="0.000"/>
  <testcase classname="testNG.Test1" name="demoTest" time="0.001"/>
  <testcase classname="testNG.Test1" name="qspiders" time="0.001"/>
  <testcase classname="testNG.Test1" name="jspiders" time="0.002"/>
</testsuite> <!-- testNG.Test1 -->
