<?xml version="1.0" encoding="UTF-8"?>
<!-- Generated by org.testng.reporters.JUnitReportReporter -->
<testsuite hostname="vishal" failures="0" tests="2" name="webElements.ToRegisterUserAndLoginUserTest" time="5.396" errors="0" timestamp="15 Mar 2024 05:19:16 GMT" skipped="0">
  <testcase classname="webElements.ToRegisterUserAndLoginUserTest" name="toRegisterUserAndVerify" time="4.434"/>
  <testcase classname="webElements.ToRegisterUserAndLoginUserTest" name="toLoginUserAndVerify" time="0.962"/>
</testsuite> <!-- webElements.ToRegisterUserAndLoginUserTest -->
