<?xml version="1.0" encoding="UTF-8"?>
<!-- Generated by org.testng.reporters.JUnitReportReporter -->
<testsuite hostname="vishal" failures="0" tests="1" name="testNG.GoogleTest" time="6.984" errors="0" timestamp="15 Mar 2024 05:19:16 GMT" skipped="0">
  <testcase classname="testNG.GoogleTest" name="googleTest" time="6.984"/>
</testsuite> <!-- testNG.GoogleTest -->
