<?xml version="1.0" encoding="UTF-8"?>
<!-- Generated by org.testng.reporters.JUnitReportReporter -->
<testsuite hostname="vishal" failures="0" tests="1" name="testNG.FacebookTest" time="5.152" errors="0" timestamp="15 Mar 2024 05:19:16 GMT" skipped="0">
  <testcase classname="testNG.FacebookTest" name="googleTest" time="5.152"/>
</testsuite> <!-- testNG.FacebookTest -->
