<?xml version="1.0" encoding="UTF-8"?>
<!-- Generated by org.testng.reporters.JUnitReportReporter -->
<testsuite hostname="vishal" failures="0" tests="2" name="webElements.ToRegisterUserAndLoginUserTest" time="3.978" errors="0" timestamp="14 Mar 2024 12:03:37 GMT" skipped="0">
  <testcase classname="webElements.ToRegisterUserAndLoginUserTest" name="toRegisterUserAndVerify" time="3.141"/>
  <testcase classname="webElements.ToRegisterUserAndLoginUserTest" name="toLoginUserAndVerify" time="0.837"/>
</testsuite> <!-- webElements.ToRegisterUserAndLoginUserTest -->
